0 info it worked if it ends with ok
1 verbose cli [ '/usr/bin/nodejs',
1 verbose cli   '/usr/bin/npm',
1 verbose cli   'install',
1 verbose cli   '--save',
1 verbose cli   'angular-ui-router' ]
2 info using npm@1.3.10
3 info using node@v0.10.25
4 warn package.json wabtv-1@0.0.0 No description
5 warn package.json wabtv-1@0.0.0 No README data
6 verbose readDependencies using package.json deps
7 verbose cache add [ 'angular-ui-router', null ]
8 verbose cache add name=undefined spec="angular-ui-router" args=["angular-ui-router",null]
9 verbose parsed url { protocol: null,
9 verbose parsed url   slashes: null,
9 verbose parsed url   auth: null,
9 verbose parsed url   host: null,
9 verbose parsed url   port: null,
9 verbose parsed url   hostname: null,
9 verbose parsed url   hash: null,
9 verbose parsed url   search: null,
9 verbose parsed url   query: null,
9 verbose parsed url   pathname: 'angular-ui-router',
9 verbose parsed url   path: 'angular-ui-router',
9 verbose parsed url   href: 'angular-ui-router' }
10 silly lockFile ff5f9edb-angular-ui-router angular-ui-router
11 verbose lock angular-ui-router /home/vagrant/.npm/ff5f9edb-angular-ui-router.lock
12 silly lockFile ff5f9edb-angular-ui-router angular-ui-router
13 silly lockFile ff5f9edb-angular-ui-router angular-ui-router
14 verbose addNamed [ 'angular-ui-router', '' ]
15 verbose addNamed [ null, '*' ]
16 silly lockFile f588af00-angular-ui-router angular-ui-router@
17 verbose lock angular-ui-router@ /home/vagrant/.npm/f588af00-angular-ui-router.lock
18 silly addNameRange { name: 'angular-ui-router', range: '*', hasData: false }
19 verbose url raw angular-ui-router
20 verbose url resolving [ 'https://registry.npmjs.org/', './angular-ui-router' ]
21 verbose url resolved https://registry.npmjs.org/angular-ui-router
22 info trying registry request attempt 1 at 21:01:18
23 http GET https://registry.npmjs.org/angular-ui-router
24 http 200 https://registry.npmjs.org/angular-ui-router
25 silly registry.get cb [ 200,
25 silly registry.get   { server: 'nginx/1.10.1',
25 silly registry.get     'content-type': 'application/json',
25 silly registry.get     'last-modified': 'Thu, 30 Mar 2017 16:48:53 GMT',
25 silly registry.get     etag: '"58dd36f5-f71d"',
25 silly registry.get     'cache-control': 'max-age=300',
25 silly registry.get     'content-length': '63261',
25 silly registry.get     'accept-ranges': 'bytes',
25 silly registry.get     date: 'Fri, 31 Mar 2017 21:01:20 GMT',
25 silly registry.get     via: '1.1 varnish',
25 silly registry.get     age: '0',
25 silly registry.get     connection: 'keep-alive',
25 silly registry.get     'x-served-by': 'cache-lcy1137-LCY',
25 silly registry.get     'x-cache': 'HIT',
25 silly registry.get     'x-cache-hits': '1',
25 silly registry.get     'x-timer': 'S1490994080.303189,VS0,VE19',
25 silly registry.get     vary: 'Accept-Encoding' } ]
26 silly addNameRange number 2 { name: 'angular-ui-router', range: '*', hasData: true }
27 silly addNameRange versions [ 'angular-ui-router',
27 silly addNameRange   [ '0.2.7',
27 silly addNameRange     '0.2.8',
27 silly addNameRange     '0.2.10',
27 silly addNameRange     '0.2.11',
27 silly addNameRange     '0.2.13',
27 silly addNameRange     '0.2.14',
27 silly addNameRange     '0.2.15',
27 silly addNameRange     '0.2.16',
27 silly addNameRange     '0.2.17',
27 silly addNameRange     '0.2.18',
27 silly addNameRange     '1.0.0-alpha.1',
27 silly addNameRange     '1.0.0-alpha.2',
27 silly addNameRange     '1.0.0-alpha.3',
27 silly addNameRange     '1.0.0-alpha.4',
27 silly addNameRange     '1.0.0-alpha.5',
27 silly addNameRange     '0.3.0',
27 silly addNameRange     '0.3.1',
27 silly addNameRange     '1.0.0-beta.1',
27 silly addNameRange     '1.0.0-beta.2',
27 silly addNameRange     '1.0.0-beta.3',
27 silly addNameRange     '0.3.2',
27 silly addNameRange     '1.0.0-rc.1',
27 silly addNameRange     '0.4.0',
27 silly addNameRange     '0.4.1',
27 silly addNameRange     '0.4.2' ] ]
28 verbose addNamed [ 'angular-ui-router', '0.4.2' ]
29 verbose addNamed [ '0.4.2', '0.4.2' ]
30 silly lockFile 2abc2e04-angular-ui-router-0-4-2 angular-ui-router@0.4.2
31 verbose lock angular-ui-router@0.4.2 /home/vagrant/.npm/2abc2e04-angular-ui-router-0-4-2.lock
32 silly lockFile 0f4b8279-uter-angular-ui-router-0-4-2-tgz https://registry.npmjs.org/angular-ui-router/-/angular-ui-router-0.4.2.tgz
33 verbose lock https://registry.npmjs.org/angular-ui-router/-/angular-ui-router-0.4.2.tgz /home/vagrant/.npm/0f4b8279-uter-angular-ui-router-0-4-2-tgz.lock
34 verbose addRemoteTarball [ 'https://registry.npmjs.org/angular-ui-router/-/angular-ui-router-0.4.2.tgz',
34 verbose addRemoteTarball   'b6aed1ca69a683c82e3992898eabd4ba15868608' ]
35 silly lockFile 0f4b8279-uter-angular-ui-router-0-4-2-tgz https://registry.npmjs.org/angular-ui-router/-/angular-ui-router-0.4.2.tgz
36 silly lockFile 0f4b8279-uter-angular-ui-router-0-4-2-tgz https://registry.npmjs.org/angular-ui-router/-/angular-ui-router-0.4.2.tgz
37 silly lockFile 2abc2e04-angular-ui-router-0-4-2 angular-ui-router@0.4.2
38 silly lockFile 2abc2e04-angular-ui-router-0-4-2 angular-ui-router@0.4.2
39 silly lockFile f588af00-angular-ui-router angular-ui-router@
40 silly lockFile f588af00-angular-ui-router angular-ui-router@
41 error Error: EACCES, mkdir '/home/vagrant/tmp/npm-11391-VLgyQeIF'
41 error  { [Error: EACCES, mkdir '/home/vagrant/tmp/npm-11391-VLgyQeIF']
41 error   errno: 3,
41 error   code: 'EACCES',
41 error   path: '/home/vagrant/tmp/npm-11391-VLgyQeIF' }
42 error Please try running this command again as root/Administrator.
43 error System Linux 3.13.0-110-generic
44 error command "/usr/bin/nodejs" "/usr/bin/npm" "install" "--save" "angular-ui-router"
45 error cwd /var/www/wabtv-1
46 error node -v v0.10.25
47 error npm -v 1.3.10
48 error path /home/vagrant/tmp/npm-11391-VLgyQeIF
49 error code EACCES
50 error errno 3
51 error stack Error: EACCES, mkdir '/home/vagrant/tmp/npm-11391-VLgyQeIF'
52 verbose exit [ 3, true ]
